-1.560234 53.808272 
-1.559948 53.808186 
-1.559919 53.808144 
-1.559842 53.808118 
-1.559756 53.808127 
-1.559709 53.808155 
-1.559351 53.808156 
-1.559096 53.808368 
-1.558742 53.808674 
-1.558564 53.808915 
-1.558439 53.809133 
-1.558311 53.809434 
-1.558281 53.809502 
-1.558236 53.809585 
-1.558149 53.809702 
-1.557995 53.809676 
-1.557703 53.809637 
-1.557451 53.809603 
-1.556614 53.809465 
-1.556460 53.809439 
-1.555582 53.809295 
-1.554974 53.809203 
-1.554399 53.809494 
-1.554272 53.809558 
-1.554162 53.809613 
-1.554184 53.809624 
-1.554091 53.809759 
-1.554069 53.809792 
-1.553779 53.810165 
-1.553199 53.810021 
-1.553044 53.809982 
-1.553025 53.809977 
-1.552889 53.809941 
-1.552788 53.809917 
-1.552760 53.809911 
-1.552645 53.809903 
-1.552556 53.809917 
-1.552487 53.809970 
-1.552440 53.810011 
-1.552342 53.810095 
-1.552295 53.810134 
-1.552216 53.810201 
-1.552127 53.810288 
-1.552108 53.810307 
-1.551972 53.810449 
-1.551854 53.810590 
-1.551781 53.810696 
